<?xml version="1.0" encoding="UTF-8"?>
<testsuite xmlns:xsi="http://www.w3.org/2001/XMLSchema-instance" xsi:noNamespaceSchemaLocation="https://maven.apache.org/surefire/maven-surefire-plugin/xsd/surefire-test-report.xsd" name="dao.DaoTest" time="0.268" tests="1" errors="0" skipped="0" failures="0">
  <properties>
    <property name="sun.desktop" value="windows"/>
    <property name="awt.toolkit" value="sun.awt.windows.WToolkit"/>
    <property name="file.encoding.pkg" value="sun.io"/>
    <property name="java.specification.version" value="1.8"/>
    <property name="sun.cpu.isalist" value="amd64"/>
    <property name="sun.jnu.encoding" value="GBK"/>
    <property name="java.class.path" value="D:\workspace\remote-files\java-learning\day24_maven\target\test-classes;D:\workspace\remote-files\java-learning\day24_maven\target\classes;D:\workspace\maven\maven_repository\junit\junit\4.11\junit-4.11.jar;D:\workspace\maven\maven_repository\org\hamcrest\hamcrest-core\1.3\hamcrest-core-1.3.jar;D:\workspace\maven\maven_repository\javax\servlet\servlet-api\2.5\servlet-api-2.5.jar;D:\workspace\maven\maven_repository\javax\servlet\jsp\jsp-api\2.0\jsp-api-2.0.jar;D:\workspace\maven\maven_repository\javax\servlet\javax.servlet-api\4.0.1\javax.servlet-api-4.0.1.jar;D:\workspace\maven\maven_repository\mysql\mysql-connector-java\5.1.32\mysql-connector-java-5.1.32.jar;"/>
    <property name="java.vm.vendor" value="Oracle Corporation"/>
    <property name="sun.arch.data.model" value="64"/>
    <property name="user.variant" value=""/>
    <property name="java.vendor.url" value="http://java.oracle.com/"/>
    <property name="user.timezone" value=""/>
    <property name="java.vm.specification.version" value="1.8"/>
    <property name="os.name" value="Windows 10"/>
    <property name="user.country" value="CN"/>
    <property name="sun.java.launcher" value="SUN_STANDARD"/>
    <property name="sun.boot.library.path" value="D:\workspace\Java\jdk8\jdk1.8.0_241\jre\bin"/>
    <property name="sun.java.command" value="C:\Users\lenovo\AppData\Local\Temp\surefire2824040426201168114\surefirebooter1829663674091897454.jar C:\Users\lenovo\AppData\Local\Temp\surefire2824040426201168114 2021-04-06T16-56-06_147-jvmRun1 surefire1448244594862287567tmp surefire_04503441529724350163tmp"/>
    <property name="surefire.test.class.path" value="D:\workspace\remote-files\java-learning\day24_maven\target\test-classes;D:\workspace\remote-files\java-learning\day24_maven\target\classes;D:\workspace\maven\maven_repository\junit\junit\4.11\junit-4.11.jar;D:\workspace\maven\maven_repository\org\hamcrest\hamcrest-core\1.3\hamcrest-core-1.3.jar;D:\workspace\maven\maven_repository\javax\servlet\servlet-api\2.5\servlet-api-2.5.jar;D:\workspace\maven\maven_repository\javax\servlet\jsp\jsp-api\2.0\jsp-api-2.0.jar;D:\workspace\maven\maven_repository\javax\servlet\javax.servlet-api\4.0.1\javax.servlet-api-4.0.1.jar;D:\workspace\maven\maven_repository\mysql\mysql-connector-java\5.1.32\mysql-connector-java-5.1.32.jar;"/>
    <property name="sun.cpu.endian" value="little"/>
    <property name="user.home" value="C:\Users\lenovo"/>
    <property name="user.language" value="zh"/>
    <property name="java.specification.vendor" value="Oracle Corporation"/>
    <property name="java.home" value="D:\workspace\Java\jdk8\jdk1.8.0_241\jre"/>
    <property name="basedir" value="D:\workspace\remote-files\java-learning\day24_maven"/>
    <property name="file.separator" value="\"/>
    <property name="line.separator" value="&#10;"/>
    <property name="java.vm.specification.vendor" value="Oracle Corporation"/>
    <property name="java.specification.name" value="Java Platform API Specification"/>
    <property name="java.awt.graphicsenv" value="sun.awt.Win32GraphicsEnvironment"/>
    <property name="surefire.real.class.path" value="C:\Users\lenovo\AppData\Local\Temp\surefire2824040426201168114\surefirebooter1829663674091897454.jar"/>
    <property name="sun.boot.class.path" value="D:\workspace\Java\jdk8\jdk1.8.0_241\jre\lib\resources.jar;D:\workspace\Java\jdk8\jdk1.8.0_241\jre\lib\rt.jar;D:\workspace\Java\jdk8\jdk1.8.0_241\jre\lib\sunrsasign.jar;D:\workspace\Java\jdk8\jdk1.8.0_241\jre\lib\jsse.jar;D:\workspace\Java\jdk8\jdk1.8.0_241\jre\lib\jce.jar;D:\workspace\Java\jdk8\jdk1.8.0_241\jre\lib\charsets.jar;D:\workspace\Java\jdk8\jdk1.8.0_241\jre\lib\jfr.jar;D:\workspace\Java\jdk8\jdk1.8.0_241\jre\classes"/>
    <property name="user.script" value=""/>
    <property name="sun.management.compiler" value="HotSpot 64-Bit Tiered Compilers"/>
    <property name="java.runtime.version" value="1.8.0_241-b07"/>
    <property name="user.name" value="lenovo"/>
    <property name="path.separator" value=";"/>
    <property name="os.version" value="10.0"/>
    <property name="java.endorsed.dirs" value="D:\workspace\Java\jdk8\jdk1.8.0_241\jre\lib\endorsed"/>
    <property name="java.runtime.name" value="Java(TM) SE Runtime Environment"/>
    <property name="file.encoding" value="GBK"/>
    <property name="java.vm.name" value="Java HotSpot(TM) 64-Bit Server VM"/>
    <property name="localRepository" value="D:\workspace\maven\maven_repository"/>
    <property name="java.vendor.url.bug" value="http://bugreport.sun.com/bugreport/"/>
    <property name="java.io.tmpdir" value="C:\Users\lenovo\AppData\Local\Temp\"/>
    <property name="idea.version" value="2020.3.1"/>
    <property name="java.version" value="1.8.0_241"/>
    <property name="user.dir" value="D:\workspace\remote-files\java-learning\day24_maven"/>
    <property name="os.arch" value="amd64"/>
    <property name="java.vm.specification.name" value="Java Virtual Machine Specification"/>
    <property name="java.awt.printerjob" value="sun.awt.windows.WPrinterJob"/>
    <property name="sun.os.patch.level" value=""/>
    <property name="java.library.path" value="D:\workspace\Java\jdk8\jdk1.8.0_241\jre\bin;C:\WINDOWS\Sun\Java\bin;C:\WINDOWS\system32;C:\WINDOWS;D:\software\xftp\;D:\software\xshell\;C:\WINDOWS\system32;C:\WINDOWS;C:\WINDOWS\System32\Wbem;C:\WINDOWS\System32\WindowsPowerShell\v1.0\;C:\WINDOWS\System32\OpenSSH\;D:\workspace\Java\jdk8\jdk1.8.0_241\bin;D:\workspace\Java\jdk8\jdk1.8.0_241\jre\bin;D:\workspace\maven\apache-maven-3.5.2\bin;D:\workspace\mysql-5.7.29-winx64\bin;C:\Program Files\PowerShell\7\;D:\software\Git\cmd;C:\Users\lenovo\AppData\Local\Microsoft\WindowsApps;D:\software\Microsoft VS Code\bin;C:\Users\lenovo\AppData\Local\Microsoft\WindowsApps;."/>
    <property name="java.vm.info" value="mixed mode"/>
    <property name="java.vendor" value="Oracle Corporation"/>
    <property name="java.vm.version" value="25.241-b07"/>
    <property name="java.ext.dirs" value="D:\workspace\Java\jdk8\jdk1.8.0_241\jre\lib\ext;C:\WINDOWS\Sun\Java\lib\ext"/>
    <property name="sun.io.unicode.encoding" value="UnicodeLittle"/>
    <property name="maven.repo.local" value="D:\workspace\maven\maven_repository"/>
    <property name="java.class.version" value="52.0"/>
  </properties>
  <testcase name="Test1" classname="dao.DaoTest" time="0.244"/>
</testsuite>